# JRE version: OpenJDK Runtime Environment (8.0_191-b12) (build 1.8.0_191-8u191-b12-0ubuntu0.18.04.1-b12)
# Java VM: OpenJDK 64-Bit Server VM (25.191-b12 mixed mode linux-amd64 compressed oops)
Heap:
 PSYoungGen      total 190976K, used 179712K [0x00000000e0000000, 0x00000000ece80000, 0x0000000100000000)
  eden space 179712K, 100% used [0x00000000e0000000,0x00000000eaf80000,0x00000000eaf80000)
  from space 11264K, 0% used [0x00000000ec380000,0x00000000ec380000,0x00000000ece80000)
  to   space 15360K, 70% used [0x00000000eb080000,0x00000000ebb24640,0x00000000ebf80000)
 ParOldGen       total 104448K, used 17893K [0x00000000a0000000, 0x00000000a6600000, 0x00000000e0000000)
  object space 104448K, 17% used [0x00000000a0000000,0x00000000a1179490,0x00000000a6600000)
 Metaspace       used 48010K, capacity 49096K, committed 49408K, reserved 1091584K
  class space    used 6528K, capacity 6860K, committed 6912K, reserved 1048576K
GC Heap History (10 events):
Event: 3,845 GC heap after
Heap after GC invocations=4 (full 0):
 PSYoungGen      total 132096K, used 5108K [0x00000000e0000000, 0x00000000e8600000, 0x0000000100000000)
  eden space 126976K, 0% used [0x00000000e0000000,0x00000000e0000000,0x00000000e7c00000)
  from space 5120K, 99% used [0x00000000e8100000,0x00000000e85fd070,0x00000000e8600000)
  to   space 5120K, 0% used [0x00000000e7c00000,0x00000000e7c00000,0x00000000e8100000)
 ParOldGen       total 84992K, used 9050K [0x00000000a0000000, 0x00000000a5300000, 0x00000000e0000000)
  object space 84992K, 10% used [0x00000000a0000000,0x00000000a08d6878,0x00000000a5300000)
 Metaspace       used 20677K, capacity 21070K, committed 21248K, reserved 1067008K
  class space    used 2919K, capacity 3038K, committed 3072K, reserved 1048576K
}
Event: 3,845 GC heap before
{Heap before GC invocations=5 (full 1):
 PSYoungGen      total 132096K, used 5108K [0x00000000e0000000, 0x00000000e8600000, 0x0000000100000000)
  eden space 126976K, 0% used [0x00000000e0000000,0x00000000e0000000,0x00000000e7c00000)
  from space 5120K, 99% used [0x00000000e8100000,0x00000000e85fd070,0x00000000e8600000)
  to   space 5120K, 0% used [0x00000000e7c00000,0x00000000e7c00000,0x00000000e8100000)
 ParOldGen       total 84992K, used 9050K [0x00000000a0000000, 0x00000000a5300000, 0x00000000e0000000)
  object space 84992K, 10% used [0x00000000a0000000,0x00000000a08d6878,0x00000000a5300000)
 Metaspace       used 20677K, capacity 21070K, committed 21248K, reserved 1067008K
  class space    used 2919K, capacity 3038K, committed 3072K, reserved 1048576K
Event: 3,900 GC heap after
Heap after GC invocations=5 (full 1):
 PSYoungGen      total 132096K, used 0K [0x00000000e0000000, 0x00000000e8600000, 0x0000000100000000)
  eden space 126976K, 0% used [0x00000000e0000000,0x00000000e0000000,0x00000000e7c00000)
  from space 5120K, 0% used [0x00000000e8100000,0x00000000e8100000,0x00000000e8600000)
  to   space 5120K, 0% used [0x00000000e7c00000,0x00000000e7c00000,0x00000000e8100000)
 ParOldGen       total 64000K, used 9535K [0x00000000a0000000, 0x00000000a3e80000, 0x00000000e0000000)
  object space 64000K, 14% used [0x00000000a0000000,0x00000000a094fc88,0x00000000a3e80000)
 Metaspace       used 20677K, capacity 21070K, committed 21248K, reserved 1067008K
  class space    used 2919K, capacity 3038K, committed 3072K, reserved 1048576K
}
Event: 6,345 GC heap before
{Heap before GC invocations=6 (full 1):
 PSYoungGen      total 132096K, used 126976K [0x00000000e0000000, 0x00000000e8600000, 0x0000000100000000)
  eden space 126976K, 100% used [0x00000000e0000000,0x00000000e7c00000,0x00000000e7c00000)
  from space 5120K, 0% used [0x00000000e8100000,0x00000000e8100000,0x00000000e8600000)
  to   space 5120K, 0% used [0x00000000e7c00000,0x00000000e7c00000,0x00000000e8100000)
 ParOldGen       total 64000K, used 9535K [0x00000000a0000000, 0x00000000a3e80000, 0x00000000e0000000)
  object space 64000K, 14% used [0x00000000a0000000,0x00000000a094fc88,0x00000000a3e80000)
 Metaspace       used 29350K, capacity 30004K, committed 30208K, reserved 1075200K
  class space    used 4124K, capacity 4342K, committed 4352K, reserved 1048576K
Event: 6,364 GC heap after
Heap after GC invocations=6 (full 1):
 PSYoungGen      total 132096K, used 5104K [0x00000000e0000000, 0x00000000ed180000, 0x0000000100000000)
  eden space 126976K, 0% used [0x00000000e0000000,0x00000000e0000000,0x00000000e7c00000)
  from space 5120K, 99% used [0x00000000e7c00000,0x00000000e80fc030,0x00000000e8100000)
  to   space 14336K, 0% used [0x00000000ec380000,0x00000000ec380000,0x00000000ed180000)
 ParOldGen       total 64000K, used 16272K [0x00000000a0000000, 0x00000000a3e80000, 0x00000000e0000000)
  object space 64000K, 25% used [0x00000000a0000000,0x00000000a0fe40f0,0x00000000a3e80000)
 Metaspace       used 29350K, capacity 30004K, committed 30208K, reserved 1075200K
  class space    used 4124K, capacity 4342K, committed 4352K, reserved 1048576K
}
Event: 11,069 GC heap before
{Heap before GC invocations=7 (full 1):
 PSYoungGen      total 132096K, used 66647K [0x00000000e0000000, 0x00000000ed180000, 0x0000000100000000)
  eden space 126976K, 48% used [0x00000000e0000000,0x00000000e3c19c70,0x00000000e7c00000)
  from space 5120K, 99% used [0x00000000e7c00000,0x00000000e80fc030,0x00000000e8100000)
  to   space 14336K, 0% used [0x00000000ec380000,0x00000000ec380000,0x00000000ed180000)
 ParOldGen       total 64000K, used 16272K [0x00000000a0000000, 0x00000000a3e80000, 0x00000000e0000000)
  object space 64000K, 25% used [0x00000000a0000000,0x00000000a0fe40f0,0x00000000a3e80000)
 Metaspace       used 34541K, capacity 35266K, committed 35416K, reserved 1079296K
  class space    used 4864K, capacity 5120K, committed 5120K, reserved 1048576K
Event: 11,084 GC heap after
Heap after GC invocations=7 (full 1):
 PSYoungGen      total 190976K, used 11038K [0x00000000e0000000, 0x00000000ece80000, 0x0000000100000000)
  eden space 179712K, 0% used [0x00000000e0000000,0x00000000e0000000,0x00000000eaf80000)
  from space 11264K, 98% used [0x00000000ec380000,0x00000000ece47b18,0x00000000ece80000)
  to   space 15360K, 0% used [0x00000000eb080000,0x00000000eb080000,0x00000000ebf80000)
 ParOldGen       total 64000K, used 16280K [0x00000000a0000000, 0x00000000a3e80000, 0x00000000e0000000)
  object space 64000K, 25% used [0x00000000a0000000,0x00000000a0fe60f0,0x00000000a3e80000)
 Metaspace       used 34541K, capacity 35266K, committed 35416K, reserved 1079296K
  class space    used 4864K, capacity 5120K, committed 5120K, reserved 1048576K
}
Event: 11,084 GC heap before
{Heap before GC invocations=8 (full 2):
 PSYoungGen      total 190976K, used 11038K [0x00000000e0000000, 0x00000000ece80000, 0x0000000100000000)
  eden space 179712K, 0% used [0x00000000e0000000,0x00000000e0000000,0x00000000eaf80000)
  from space 11264K, 98% used [0x00000000ec380000,0x00000000ece47b18,0x00000000ece80000)
  to   space 15360K, 0% used [0x00000000eb080000,0x00000000eb080000,0x00000000ebf80000)
 ParOldGen       total 64000K, used 16280K [0x00000000a0000000, 0x00000000a3e80000, 0x00000000e0000000)
  object space 64000K, 25% used [0x00000000a0000000,0x00000000a0fe60f0,0x00000000a3e80000)
 Metaspace       used 34541K, capacity 35266K, committed 35416K, reserved 1079296K
  class space    used 4864K, capacity 5120K, committed 5120K, reserved 1048576K
Event: 11,205 GC heap after
Heap after GC invocations=8 (full 2):
 PSYoungGen      total 190976K, used 0K [0x00000000e0000000, 0x00000000ece80000, 0x0000000100000000)
  eden space 179712K, 0% used [0x00000000e0000000,0x00000000e0000000,0x00000000eaf80000)
  from space 11264K, 0% used [0x00000000ec380000,0x00000000ec380000,0x00000000ece80000)
  to   space 15360K, 0% used [0x00000000eb080000,0x00000000eb080000,0x00000000ebf80000)
 ParOldGen       total 104448K, used 17885K [0x00000000a0000000, 0x00000000a6600000, 0x00000000e0000000)
  object space 104448K, 17% used [0x00000000a0000000,0x00000000a1177490,0x00000000a6600000)
 Metaspace       used 34541K, capacity 35266K, committed 35416K, reserved 1079296K
  class space    used 4864K, capacity 5120K, committed 5120K, reserved 1048576K
}
Event: 14,784 GC heap before
{Heap before GC invocations=9 (full 2):
 PSYoungGen      total 190976K, used 179712K [0x00000000e0000000, 0x00000000ece80000, 0x0000000100000000)
  eden space 179712K, 100% used [0x00000000e0000000,0x00000000eaf80000,0x00000000eaf80000)
  from space 11264K, 0% used [0x00000000ec380000,0x00000000ec380000,0x00000000ece80000)
  to   space 15360K, 0% used [0x00000000eb080000,0x00000000eb080000,0x00000000ebf80000)
 ParOldGen       total 104448K, used 17885K [0x00000000a0000000, 0x00000000a6600000, 0x00000000e0000000)
  object space 104448K, 17% used [0x00000000a0000000,0x00000000a1177490,0x00000000a6600000)
 Metaspace       used 48010K, capacity 49096K, committed 49408K, reserved 1091584K
  class space    used 6528K, capacity 6860K, committed 6912K, reserved 1048576K

